MAIA® Cyberius log.
Monday 19 August 2013; 19:09:25
--------------------------------------------------------
MCp1: --h:--m:--s	--h:--m:--s	0 Min	0 Ar
MCp2: --h:--m:--s	--h:--m:--s	0 Min	0 Ar
MCp3: --h:--m:--s	--h:--m:--s	0 Min	0 Ar
MCp4: --h:--m:--s	--h:--m:--s	0 Min	0 Ar
MCp5: --h:--m:--s	--h:--m:--s	0 Min	0 Ar
MCp6: --h:--m:--s	--h:--m:--s	0 Min	0 Ar
MCp7: --h:--m:--s	--h:--m:--s	0 Min	0 Ar
MCp8: --h:--m:--s	--h:--m:--s	0 Min	0 Ar
MCp9: --h:--m:--s	--h:--m:--s	0 Min	0 Ar
MCp10: --h:--m:--s	--h:--m:--s	0 Min	0 Ar
--------------------------------------------------------
MAIA® Cyberius log.
Monday 19 August 2013; 19:09:55
--------------------------------------------------------
MCp1: --h:--m:--s	--h:--m:--s	0 Min	0 Ar
MCp2: --h:--m:--s	--h:--m:--s	0 Min	0 Ar
MCp3: --h:--m:--s	--h:--m:--s	0 Min	0 Ar
MCp4: --h:--m:--s	--h:--m:--s	0 Min	0 Ar
MCp5: --h:--m:--s	--h:--m:--s	0 Min	0 Ar
MCp6: --h:--m:--s	--h:--m:--s	0 Min	0 Ar
MCp7: --h:--m:--s	--h:--m:--s	0 Min	0 Ar
MCp8: --h:--m:--s	--h:--m:--s	0 Min	0 Ar
MCp9: --h:--m:--s	--h:--m:--s	0 Min	0 Ar
MCp10: --h:--m:--s	--h:--m:--s	0 Min	0 Ar
--------------------------------------------------------
MAIA® Cyberius log.
Monday 19 August 2013; 19:10:25
--------------------------------------------------------
MCp1: --h:--m:--s	--h:--m:--s	0 Min	0 Ar
MCp2: --h:--m:--s	--h:--m:--s	0 Min	0 Ar
MCp3: --h:--m:--s	--h:--m:--s	0 Min	0 Ar
MCp4: --h:--m:--s	--h:--m:--s	0 Min	0 Ar
MCp5: --h:--m:--s	--h:--m:--s	0 Min	0 Ar
MCp6: --h:--m:--s	--h:--m:--s	0 Min	0 Ar
MCp7: --h:--m:--s	--h:--m:--s	0 Min	0 Ar
MCp8: --h:--m:--s	--h:--m:--s	0 Min	0 Ar
MCp9: --h:--m:--s	--h:--m:--s	0 Min	0 Ar
MCp10: --h:--m:--s	--h:--m:--s	0 Min	0 Ar
--------------------------------------------------------
MAIA® Cyberius log.
Monday 19 August 2013; 19:10:55
--------------------------------------------------------
MCp1: 19:10:47	--h:--m:--s	0 Min	0 Ar
MCp2: 19:10:47	--h:--m:--s	0 Min	0 Ar
MCp3: 19:10:47	--h:--m:--s	0 Min	0 Ar
MCp4: 19:10:47	--h:--m:--s	0 Min	0 Ar
MCp5: 19:10:47	--h:--m:--s	0 Min	0 Ar
MCp6: 19:10:47	--h:--m:--s	0 Min	0 Ar
MCp7: 19:10:47	--h:--m:--s	0 Min	0 Ar
MCp8: 19:10:47	--h:--m:--s	0 Min	0 Ar
MCp9: 19:10:47	--h:--m:--s	0 Min	0 Ar
MCp10: 19:10:47	--h:--m:--s	0 Min	0 Ar
--------------------------------------------------------
MAIA® Cyberius log.
Wednesday 21 August 2013; 18:57:00
--------------------------------------------------------
MCp1: --h:--m:--s	--h:--m:--s	0 Min	0 Ar
MCp2: --h:--m:--s	--h:--m:--s	0 Min	0 Ar
MCp3: --h:--m:--s	--h:--m:--s	0 Min	0 Ar
MCp4: --h:--m:--s	--h:--m:--s	0 Min	0 Ar
MCp5: --h:--m:--s	--h:--m:--s	0 Min	0 Ar
MCp6: --h:--m:--s	--h:--m:--s	0 Min	0 Ar
MCp7: --h:--m:--s	--h:--m:--s	0 Min	0 Ar
MCp8: --h:--m:--s	--h:--m:--s	0 Min	0 Ar
MCp9: --h:--m:--s	--h:--m:--s	0 Min	0 Ar
MCp10: --h:--m:--s	--h:--m:--s	0 Min	0 Ar
--------------------------------------------------------
MAIA® Cyberius log.
Wednesday 21 August 2013; 18:57:30
--------------------------------------------------------
MCp1: --h:--m:--s	--h:--m:--s	0 Min	0 Ar
MCp2: --h:--m:--s	--h:--m:--s	0 Min	0 Ar
MCp3: --h:--m:--s	--h:--m:--s	0 Min	0 Ar
MCp4: --h:--m:--s	--h:--m:--s	0 Min	0 Ar
MCp5: --h:--m:--s	--h:--m:--s	0 Min	0 Ar
MCp6: --h:--m:--s	--h:--m:--s	0 Min	0 Ar
MCp7: --h:--m:--s	--h:--m:--s	0 Min	0 Ar
MCp8: --h:--m:--s	--h:--m:--s	0 Min	0 Ar
MCp9: --h:--m:--s	--h:--m:--s	0 Min	0 Ar
MCp10: --h:--m:--s	--h:--m:--s	0 Min	0 Ar
--------------------------------------------------------
MAIA® Cyberius log.
Wednesday 21 August 2013; 18:58:00
--------------------------------------------------------
MCp1: --h:--m:--s	--h:--m:--s	0 Min	0 Ar
MCp2: --h:--m:--s	--h:--m:--s	0 Min	0 Ar
MCp3: --h:--m:--s	--h:--m:--s	0 Min	0 Ar
MCp4: --h:--m:--s	--h:--m:--s	0 Min	0 Ar
MCp5: --h:--m:--s	--h:--m:--s	0 Min	0 Ar
MCp6: --h:--m:--s	--h:--m:--s	0 Min	0 Ar
MCp7: --h:--m:--s	--h:--m:--s	0 Min	0 Ar
MCp8: --h:--m:--s	--h:--m:--s	0 Min	0 Ar
MCp9: --h:--m:--s	--h:--m:--s	0 Min	0 Ar
MCp10: --h:--m:--s	--h:--m:--s	0 Min	0 Ar
--------------------------------------------------------
MAIA® Cyberius log.
Wednesday 21 August 2013; 18:58:30
--------------------------------------------------------
MCp1: 18:58:22	18:58:24	0 Min	0 Ar
MCp2: 18:58:22	18:58:24	0 Min	0 Ar
MCp3: 18:58:22	18:58:24	0 Min	0 Ar
MCp4: 18:58:22	18:58:24	0 Min	0 Ar
MCp5: 18:58:22	18:58:24	0 Min	0 Ar
MCp6: 18:58:22	18:58:24	0 Min	0 Ar
MCp7: 18:58:22	18:58:24	0 Min	0 Ar
MCp8: 18:58:22	18:58:24	0 Min	0 Ar
MCp9: 18:58:22	18:58:24	0 Min	0 Ar
MCp10: 18:58:22	18:58:24	0 Min	0 Ar
--------------------------------------------------------
MAIA® Cyberius log.
Thursday 12 September 2013; 08:47:56
--------------------------------------------------------
MCp1: --h:--m:--s	--h:--m:--s	0 Min	0 Ar
MCp2: --h:--m:--s	--h:--m:--s	0 Min	0 Ar
MCp3: --h:--m:--s	--h:--m:--s	0 Min	0 Ar
MCp4: --h:--m:--s	--h:--m:--s	0 Min	0 Ar
MCp5: --h:--m:--s	--h:--m:--s	0 Min	0 Ar
MCp6: --h:--m:--s	--h:--m:--s	0 Min	0 Ar
MCp7: --h:--m:--s	--h:--m:--s	0 Min	0 Ar
MCp8: --h:--m:--s	--h:--m:--s	0 Min	0 Ar
MCp9: --h:--m:--s	--h:--m:--s	0 Min	0 Ar
MCp10: --h:--m:--s	--h:--m:--s	0 Min	0 Ar
--------------------------------------------------------
MAIA® Cyberius log.
Thursday 12 September 2013; 08:48:26
--------------------------------------------------------
MCp1: --h:--m:--s	--h:--m:--s	0 Min	0 Ar
MCp2: --h:--m:--s	--h:--m:--s	0 Min	0 Ar
MCp3: --h:--m:--s	--h:--m:--s	0 Min	0 Ar
MCp4: --h:--m:--s	--h:--m:--s	0 Min	0 Ar
MCp5: --h:--m:--s	--h:--m:--s	0 Min	0 Ar
MCp6: --h:--m:--s	--h:--m:--s	0 Min	0 Ar
MCp7: --h:--m:--s	--h:--m:--s	0 Min	0 Ar
MCp8: --h:--m:--s	--h:--m:--s	0 Min	0 Ar
MCp9: --h:--m:--s	--h:--m:--s	0 Min	0 Ar
MCp10: --h:--m:--s	--h:--m:--s	0 Min	0 Ar
--------------------------------------------------------
MAIA® Cyberius log.
Thursday 12 September 2013; 08:48:56
--------------------------------------------------------
MCp1: --h:--m:--s	--h:--m:--s	0 Min	0 Ar
MCp2: --h:--m:--s	--h:--m:--s	0 Min	0 Ar
MCp3: --h:--m:--s	--h:--m:--s	0 Min	0 Ar
MCp4: --h:--m:--s	--h:--m:--s	0 Min	0 Ar
MCp5: --h:--m:--s	--h:--m:--s	0 Min	0 Ar
MCp6: --h:--m:--s	--h:--m:--s	0 Min	0 Ar
MCp7: --h:--m:--s	--h:--m:--s	0 Min	0 Ar
MCp8: --h:--m:--s	--h:--m:--s	0 Min	0 Ar
MCp9: --h:--m:--s	--h:--m:--s	0 Min	0 Ar
MCp10: --h:--m:--s	--h:--m:--s	0 Min	0 Ar
--------------------------------------------------------
MAIA® Cyberius log.
Thursday 12 September 2013; 08:49:26
--------------------------------------------------------
MCp1: --h:--m:--s	--h:--m:--s	0 Min	0 Ar
MCp2: --h:--m:--s	--h:--m:--s	0 Min	0 Ar
MCp3: --h:--m:--s	--h:--m:--s	0 Min	0 Ar
MCp4: --h:--m:--s	--h:--m:--s	0 Min	0 Ar
MCp5: --h:--m:--s	--h:--m:--s	0 Min	0 Ar
MCp6: --h:--m:--s	--h:--m:--s	0 Min	0 Ar
MCp7: --h:--m:--s	--h:--m:--s	0 Min	0 Ar
MCp8: --h:--m:--s	--h:--m:--s	0 Min	0 Ar
MCp9: --h:--m:--s	--h:--m:--s	0 Min	0 Ar
MCp10: --h:--m:--s	--h:--m:--s	0 Min	0 Ar
--------------------------------------------------------
MAIA® Cyberius log.
Sunday 22 December 2013; 22:12:10
--------------------------------------------------------
MCp1: --h:--m:--s	--h:--m:--s	0 Min	0 Ar
MCp2: --h:--m:--s	--h:--m:--s	0 Min	0 Ar
MCp3: --h:--m:--s	--h:--m:--s	0 Min	0 Ar
MCp4: --h:--m:--s	--h:--m:--s	0 Min	0 Ar
MCp5: --h:--m:--s	--h:--m:--s	0 Min	0 Ar
MCp6: --h:--m:--s	--h:--m:--s	0 Min	0 Ar
MCp7: --h:--m:--s	--h:--m:--s	0 Min	0 Ar
MCp8: --h:--m:--s	--h:--m:--s	0 Min	0 Ar
MCp9: --h:--m:--s	--h:--m:--s	0 Min	0 Ar
MCp10: --h:--m:--s	--h:--m:--s	0 Min	0 Ar
--------------------------------------------------------
MAIA® Cyberius log.
Sunday 22 December 2013; 22:12:40
--------------------------------------------------------
MCp1: --h:--m:--s	--h:--m:--s	0 Min	0 Ar
MCp2: --h:--m:--s	--h:--m:--s	0 Min	0 Ar
MCp3: --h:--m:--s	--h:--m:--s	0 Min	0 Ar
MCp4: --h:--m:--s	--h:--m:--s	0 Min	0 Ar
MCp5: --h:--m:--s	--h:--m:--s	0 Min	0 Ar
MCp6: --h:--m:--s	--h:--m:--s	0 Min	0 Ar
MCp7: --h:--m:--s	--h:--m:--s	0 Min	0 Ar
MCp8: --h:--m:--s	--h:--m:--s	0 Min	0 Ar
MCp9: --h:--m:--s	--h:--m:--s	0 Min	0 Ar
MCp10: --h:--m:--s	--h:--m:--s	0 Min	0 Ar
--------------------------------------------------------
MAIA® Cyberius log.
Sunday 22 December 2013; 22:13:10
--------------------------------------------------------
MCp1: --h:--m:--s	--h:--m:--s	0 Min	0 Ar
MCp2: --h:--m:--s	--h:--m:--s	0 Min	0 Ar
MCp3: --h:--m:--s	--h:--m:--s	0 Min	0 Ar
MCp4: --h:--m:--s	--h:--m:--s	0 Min	0 Ar
MCp5: --h:--m:--s	--h:--m:--s	0 Min	0 Ar
MCp6: --h:--m:--s	--h:--m:--s	0 Min	0 Ar
MCp7: --h:--m:--s	--h:--m:--s	0 Min	0 Ar
MCp8: --h:--m:--s	--h:--m:--s	0 Min	0 Ar
MCp9: --h:--m:--s	--h:--m:--s	0 Min	0 Ar
MCp10: --h:--m:--s	--h:--m:--s	0 Min	0 Ar
--------------------------------------------------------
MAIA® Cyberius log.
Sunday 22 December 2013; 22:13:40
--------------------------------------------------------
MCp1: --h:--m:--s	--h:--m:--s	0 Min	0 Ar
MCp2: --h:--m:--s	--h:--m:--s	0 Min	0 Ar
MCp3: --h:--m:--s	--h:--m:--s	0 Min	0 Ar
MCp4: --h:--m:--s	--h:--m:--s	0 Min	0 Ar
MCp5: --h:--m:--s	--h:--m:--s	0 Min	0 Ar
MCp6: --h:--m:--s	--h:--m:--s	0 Min	0 Ar
MCp7: --h:--m:--s	--h:--m:--s	0 Min	0 Ar
MCp8: --h:--m:--s	--h:--m:--s	0 Min	0 Ar
MCp9: --h:--m:--s	--h:--m:--s	0 Min	0 Ar
MCp10: --h:--m:--s	--h:--m:--s	0 Min	0 Ar
--------------------------------------------------------
MAIA® Cyberius log.
Thursday 16 January 2014; 10:57:47
--------------------------------------------------------
MCp1: 10:57:32	10:57:42	0 Min	0 Ar
MCp2: 10:57:32	10:57:42	0 Min	0 Ar
MCp3: 10:57:32	10:57:42	0 Min	0 Ar
MCp4: 10:57:32	10:57:42	0 Min	0 Ar
MCp5: 10:57:32	10:57:42	0 Min	0 Ar
MCp6: 10:57:32	10:57:42	0 Min	0 Ar
MCp7: 10:57:32	10:57:42	0 Min	0 Ar
MCp8: 10:57:32	10:57:42	0 Min	0 Ar
MCp9: 10:57:32	10:57:42	0 Min	0 Ar
MCp10: 10:57:32	10:57:42	0 Min	0 Ar
--------------------------------------------------------
MAIA Cyberius log.
Saturday 25 January 2014; 09:14:29
--------------------------------------------------------
MCp1: --h:--m:--s	--h:--m:--s	0 Min	0 Ar
MCp2: --h:--m:--s	--h:--m:--s	0 Min	0 Ar
MCp3: --h:--m:--s	--h:--m:--s	0 Min	0 Ar
MCp4: --h:--m:--s	--h:--m:--s	0 Min	0 Ar
MCp5: --h:--m:--s	--h:--m:--s	0 Min	0 Ar
MCp6: --h:--m:--s	--h:--m:--s	0 Min	0 Ar
MCp7: --h:--m:--s	--h:--m:--s	0 Min	0 Ar
MCp8: --h:--m:--s	--h:--m:--s	0 Min	0 Ar
MCp9: --h:--m:--s	--h:--m:--s	0 Min	0 Ar
MCp10: --h:--m:--s	--h:--m:--s	0 Min	0 Ar
--------------------------------------------------------
MAIA Cyberius log.
Wednesday 23 July 2014; 12:05:50
--------------------------------------------------------
MCp1: --h:--m:--s	--h:--m:--s	0 Min	0 Ar
MCp2: --h:--m:--s	--h:--m:--s	0 Min	0 Ar
MCp3: --h:--m:--s	--h:--m:--s	0 Min	0 Ar
MCp4: --h:--m:--s	--h:--m:--s	0 Min	0 Ar
MCp5: --h:--m:--s	--h:--m:--s	0 Min	0 Ar
MCp6: --h:--m:--s	--h:--m:--s	0 Min	0 Ar
MCp7: --h:--m:--s	--h:--m:--s	0 Min	0 Ar
MCp8: --h:--m:--s	--h:--m:--s	0 Min	0 Ar
MCp9: --h:--m:--s	--h:--m:--s	0 Min	0 Ar
MCp10: --h:--m:--s	--h:--m:--s	0 Min	0 Ar
--------------------------------------------------------
MAIA Cyberius log.
Wednesday 23 July 2014; 12:06:20
--------------------------------------------------------
MCp1: --h:--m:--s	--h:--m:--s	0 Min	0 Ar
MCp2: --h:--m:--s	--h:--m:--s	0 Min	0 Ar
MCp3: --h:--m:--s	--h:--m:--s	0 Min	0 Ar
MCp4: --h:--m:--s	--h:--m:--s	0 Min	0 Ar
MCp5: --h:--m:--s	--h:--m:--s	0 Min	0 Ar
MCp6: --h:--m:--s	--h:--m:--s	0 Min	0 Ar
MCp7: --h:--m:--s	--h:--m:--s	0 Min	0 Ar
MCp8: --h:--m:--s	--h:--m:--s	0 Min	0 Ar
MCp9: --h:--m:--s	--h:--m:--s	0 Min	0 Ar
MCp10: --h:--m:--s	--h:--m:--s	0 Min	0 Ar
--------------------------------------------------------
MAIA Cyberius log.
Wednesday 23 July 2014; 12:10:10
--------------------------------------------------------
MCp1: --h:--m:--s	--h:--m:--s	0 Min	0 Ar
MCp2: --h:--m:--s	--h:--m:--s	0 Min	0 Ar
MCp3: --h:--m:--s	--h:--m:--s	0 Min	0 Ar
MCp4: --h:--m:--s	--h:--m:--s	0 Min	0 Ar
MCp5: --h:--m:--s	--h:--m:--s	0 Min	0 Ar
MCp6: --h:--m:--s	--h:--m:--s	0 Min	0 Ar
MCp7: --h:--m:--s	--h:--m:--s	0 Min	0 Ar
MCp8: --h:--m:--s	--h:--m:--s	0 Min	0 Ar
MCp9: --h:--m:--s	--h:--m:--s	0 Min	0 Ar
MCp10: --h:--m:--s	--h:--m:--s	0 Min	0 Ar
--------------------------------------------------------
MAIA Cyberius log.
Saturday 25 September 2021; 17:44:38
--------------------------------------------------------
MCp1: 17:44:15	--h:--m:--s	0 Min	0 Ar
MCp2: 17:44:15	--h:--m:--s	0 Min	0 Ar
MCp3: 17:44:15	--h:--m:--s	0 Min	0 Ar
MCp4: 17:44:15	--h:--m:--s	0 Min	0 Ar
MCp5: 17:44:15	--h:--m:--s	0 Min	0 Ar
MCp6: 17:44:15	--h:--m:--s	0 Min	0 Ar
MCp7: 17:44:15	--h:--m:--s	0 Min	0 Ar
MCp8: 17:44:15	--h:--m:--s	0 Min	0 Ar
MCp9: 17:44:15	--h:--m:--s	0 Min	0 Ar
MCp10: 17:44:15	--h:--m:--s	0 Min	0 Ar
--------------------------------------------------------
MAIA Cyberius log.
Saturday 25 September 2021; 17:45:08
--------------------------------------------------------
MCp1: 17:44:15	--h:--m:--s	0 Min	0 Ar
MCp2: 17:44:15	--h:--m:--s	0 Min	0 Ar
MCp3: 17:44:15	--h:--m:--s	0 Min	0 Ar
MCp4: 17:44:15	--h:--m:--s	0 Min	0 Ar
MCp5: 17:44:15	--h:--m:--s	0 Min	0 Ar
MCp6: 17:44:15	--h:--m:--s	0 Min	0 Ar
MCp7: 17:44:15	--h:--m:--s	0 Min	0 Ar
MCp8: 17:44:15	--h:--m:--s	0 Min	0 Ar
MCp9: 17:44:15	--h:--m:--s	0 Min	0 Ar
MCp10: 17:44:15	--h:--m:--s	0 Min	0 Ar
--------------------------------------------------------
MAIA Cyberius log.
Saturday 25 September 2021; 17:45:38
--------------------------------------------------------
MCp1: 17:44:15	--h:--m:--s	1 Min	0 
MCp2: 17:44:15	--h:--m:--s	1 Min	0 
MCp3: 17:44:15	--h:--m:--s	1 Min	0 
MCp4: 17:44:15	--h:--m:--s	1 Min	0 
MCp5: 17:44:15	--h:--m:--s	1 Min	0 
MCp6: 17:44:15	--h:--m:--s	1 Min	0 
MCp7: 17:44:15	--h:--m:--s	1 Min	0 
MCp8: 17:44:15	--h:--m:--s	1 Min	0 
MCp9: 17:44:15	--h:--m:--s	1 Min	0 
MCp10: 17:44:15	--h:--m:--s	1 Min	0 
--------------------------------------------------------
MAIA Cyberius log.
Saturday 25 September 2021; 17:46:08
--------------------------------------------------------
MCp1: 17:44:15	--h:--m:--s	1 Min	0 
MCp2: 17:44:15	--h:--m:--s	1 Min	0 
MCp3: 17:44:15	--h:--m:--s	1 Min	0 
MCp4: 17:44:15	--h:--m:--s	1 Min	0 
MCp5: 17:44:15	--h:--m:--s	1 Min	0 
MCp6: 17:44:15	--h:--m:--s	1 Min	0 
MCp7: 17:44:15	--h:--m:--s	1 Min	0 
MCp8: 17:44:15	--h:--m:--s	1 Min	0 
MCp9: 17:44:15	--h:--m:--s	1 Min	0 
MCp10: 17:44:15	--h:--m:--s	1 Min	0 
--------------------------------------------------------
MAIA Cyberius log.
Saturday 25 September 2021; 17:46:38
--------------------------------------------------------
MCp1: 17:44:15	--h:--m:--s	2 Min	0 
MCp2: 17:44:15	--h:--m:--s	2 Min	0 
MCp3: 17:44:15	--h:--m:--s	2 Min	0 
MCp4: 17:44:15	--h:--m:--s	2 Min	0 
MCp5: 17:44:15	--h:--m:--s	2 Min	0 
MCp6: 17:44:15	--h:--m:--s	2 Min	0 
MCp7: 17:44:15	--h:--m:--s	2 Min	0 
MCp8: 17:44:15	--h:--m:--s	2 Min	0 
MCp9: 17:44:15	--h:--m:--s	2 Min	0 
MCp10: 17:44:15	--h:--m:--s	2 Min	0 
--------------------------------------------------------
MAIA Cyberius log.
Saturday 25 September 2021; 17:47:08
--------------------------------------------------------
MCp1: 17:44:15	--h:--m:--s	2 Min	0 
MCp2: 17:44:15	--h:--m:--s	2 Min	0 
MCp3: 17:44:15	--h:--m:--s	2 Min	0 
MCp4: 17:44:15	--h:--m:--s	2 Min	0 
MCp5: 17:44:15	--h:--m:--s	2 Min	0 
MCp6: 17:44:15	--h:--m:--s	2 Min	0 
MCp7: 17:44:15	--h:--m:--s	2 Min	0 
MCp8: 17:44:15	--h:--m:--s	2 Min	0 
MCp9: 17:44:15	--h:--m:--s	2 Min	0 
MCp10: 17:44:15	--h:--m:--s	2 Min	0 
--------------------------------------------------------
MAIA Cyberius log.
Saturday 25 September 2021; 17:47:38
--------------------------------------------------------
MCp1: 17:44:15	--h:--m:--s	3 Min	0 
MCp2: 17:44:15	--h:--m:--s	3 Min	0 
MCp3: 17:44:15	--h:--m:--s	3 Min	0 
MCp4: 17:44:15	--h:--m:--s	3 Min	0 
MCp5: 17:44:15	--h:--m:--s	3 Min	0 
MCp6: 17:44:15	--h:--m:--s	3 Min	0 
MCp7: 17:44:15	--h:--m:--s	3 Min	0 
MCp8: 17:44:15	--h:--m:--s	3 Min	0 
MCp9: 17:44:15	--h:--m:--s	3 Min	0 
MCp10: 17:44:15	--h:--m:--s	3 Min	0 
--------------------------------------------------------
MAIA Cyberius log.
Saturday 25 September 2021; 17:48:08
--------------------------------------------------------
MCp1: 17:44:15	--h:--m:--s	3 Min	0 
MCp2: 17:44:15	--h:--m:--s	3 Min	0 
MCp3: 17:44:15	--h:--m:--s	3 Min	0 
MCp4: 17:44:15	--h:--m:--s	3 Min	0 
MCp5: 17:44:15	--h:--m:--s	3 Min	0 
MCp6: 17:44:15	--h:--m:--s	3 Min	0 
MCp7: 17:44:15	--h:--m:--s	3 Min	0 
MCp8: 17:44:15	--h:--m:--s	3 Min	0 
MCp9: 17:44:15	--h:--m:--s	3 Min	0 
MCp10: 17:44:15	--h:--m:--s	3 Min	0 
--------------------------------------------------------
MAIA Cyberius log.
Saturday 25 September 2021; 17:48:38
--------------------------------------------------------
MCp1: 17:44:15	--h:--m:--s	4 Min	0 
MCp2: 17:44:15	--h:--m:--s	4 Min	0 
MCp3: 17:44:15	--h:--m:--s	4 Min	0 
MCp4: 17:44:15	--h:--m:--s	4 Min	0 
MCp5: 17:44:15	--h:--m:--s	4 Min	0 
MCp6: 17:44:15	--h:--m:--s	4 Min	0 
MCp7: 17:44:15	--h:--m:--s	4 Min	0 
MCp8: 17:44:15	--h:--m:--s	4 Min	0 
MCp9: 17:44:15	--h:--m:--s	4 Min	0 
MCp10: 17:44:15	--h:--m:--s	4 Min	0 
--------------------------------------------------------
MAIA Cyberius log.
Saturday 25 September 2021; 17:49:16
--------------------------------------------------------
MCp1: --h:--m:--s	--h:--m:--s	0 Min	0 Ar
MCp2: --h:--m:--s	--h:--m:--s	0 Min	0 Ar
MCp3: --h:--m:--s	--h:--m:--s	0 Min	0 Ar
MCp4: --h:--m:--s	--h:--m:--s	0 Min	0 Ar
MCp5: --h:--m:--s	--h:--m:--s	0 Min	0 Ar
MCp6: --h:--m:--s	--h:--m:--s	0 Min	0 Ar
MCp7: --h:--m:--s	--h:--m:--s	0 Min	0 Ar
MCp8: --h:--m:--s	--h:--m:--s	0 Min	0 Ar
MCp9: --h:--m:--s	--h:--m:--s	0 Min	0 Ar
MCp10: --h:--m:--s	--h:--m:--s	0 Min	0 Ar
--------------------------------------------------------
